Library/Bee/Android/Prj/Mono2x/Gradle/unityLibrary/build/intermediates/manifest_merge_blame_file/release/manifest-merger-blame-release-report.txt
1<?xml version="1.0" encoding="utf-8"?>
2<manifest xmlns:android="http://schemas.android.com/apk/res/android"
3    xmlns:tools="http://schemas.android.com/tools"
4    package="com.unity3d.player"
5    android:versionCode="1"
6    android:versionName="1.0" >
7
8    <uses-sdk
9        android:minSdkVersion="23"
9-->src\main\AndroidManifest.xml
10        android:targetSdkVersion="33" />
10-->src\main\AndroidManifest.xml
11
12    <uses-feature android:glEsVersion="0x00030000" />
12-->src\main\AndroidManifest.xml:3:3-52
12-->src\main\AndroidManifest.xml:3:17-49
13    <uses-feature
13-->src\main\AndroidManifest.xml:4:3-91
14        android:name="android.hardware.vulkan.version"
14-->src\main\AndroidManifest.xml:4:17-63
15        android:required="false" />
15-->src\main\AndroidManifest.xml:4:64-88
16    <uses-feature
16-->src\main\AndroidManifest.xml:5:3-88
17        android:name="android.hardware.touchscreen"
17-->src\main\AndroidManifest.xml:5:17-60
18        android:required="false" />
18-->src\main\AndroidManifest.xml:5:61-85
19    <uses-feature
19-->src\main\AndroidManifest.xml:6:3-99
20        android:name="android.hardware.touchscreen.multitouch"
20-->src\main\AndroidManifest.xml:6:17-71
21        android:required="false" />
21-->src\main\AndroidManifest.xml:6:72-96
22    <uses-feature
22-->src\main\AndroidManifest.xml:7:3-108
23        android:name="android.hardware.touchscreen.multitouch.distinct"
23-->src\main\AndroidManifest.xml:7:17-80
24        android:required="false" />
24-->src\main\AndroidManifest.xml:7:81-105
25
26    <application
26-->src\main\AndroidManifest.xml:8:3-24:17
27        android:extractNativeLibs="true"
27-->src\main\AndroidManifest.xml:8:16-48
28        android:icon="@mipmap/app_icon"
28-->src\main\AndroidManifest.xml:8:49-80
29        android:label="@string/app_name" >
29-->src\main\AndroidManifest.xml:8:81-113
30        <service
30-->src\main\AndroidManifest.xml:9:5-111
31            android:name="com.google.firebase.messaging.MessageForwardingService"
31-->src\main\AndroidManifest.xml:9:39-108
32            android:exported="false" />
32-->src\main\AndroidManifest.xml:9:14-38
33
34        <meta-data
34-->src\main\AndroidManifest.xml:10:5-69
35            android:name="unity.splash-mode"
35-->src\main\AndroidManifest.xml:10:16-48
36            android:value="0" />
36-->src\main\AndroidManifest.xml:10:49-66
37        <meta-data
37-->src\main\AndroidManifest.xml:11:5-74
38            android:name="unity.splash-enable"
38-->src\main\AndroidManifest.xml:11:16-50
39            android:value="True" />
39-->src\main\AndroidManifest.xml:11:51-71
40        <meta-data
40-->src\main\AndroidManifest.xml:12:5-78
41            android:name="unity.launch-fullscreen"
41-->src\main\AndroidManifest.xml:12:16-54
42            android:value="True" />
42-->src\main\AndroidManifest.xml:12:55-75
43        <meta-data
43-->src\main\AndroidManifest.xml:13:5-81
44            android:name="notch.config"
44-->src\main\AndroidManifest.xml:13:16-43
45            android:value="portrait|landscape" />
45-->src\main\AndroidManifest.xml:13:44-78
46        <meta-data
46-->src\main\AndroidManifest.xml:14:5-84
47            android:name="unity.auto-report-fully-drawn"
47-->src\main\AndroidManifest.xml:14:16-60
48            android:value="true" />
48-->src\main\AndroidManifest.xml:14:61-81
49        <meta-data
49-->src\main\AndroidManifest.xml:15:5-79
50            android:name="unity.strip-engine-code"
50-->src\main\AndroidManifest.xml:15:16-54
51            android:value="false" />
51-->src\main\AndroidManifest.xml:15:55-76
52
53        <activity
53-->src\main\AndroidManifest.xml:16:5-23:16
54            android:name="com.google.firebase.MessagingUnityPlayerActivity"
54-->src\main\AndroidManifest.xml:16:289-352
55            android:configChanges="mcc|mnc|locale|touchscreen|keyboard|keyboardHidden|navigation|orientation|screenLayout|uiMode|screenSize|smallestScreenSize|fontScale|layoutDirection|density"
55-->src\main\AndroidManifest.xml:16:15-196
56            android:exported="true"
56-->src\main\AndroidManifest.xml:16:197-220
57            android:hardwareAccelerated="false"
57-->src\main\AndroidManifest.xml:16:221-256
58            android:launchMode="singleTask"
58-->src\main\AndroidManifest.xml:16:257-288
59            android:resizeableActivity="false"
59-->src\main\AndroidManifest.xml:16:353-387
60            android:screenOrientation="fullUser" >
60-->src\main\AndroidManifest.xml:16:388-424
61            <intent-filter>
61-->src\main\AndroidManifest.xml:17:7-20:23
62                <category android:name="android.intent.category.LAUNCHER" />
62-->src\main\AndroidManifest.xml:18:9-69
62-->src\main\AndroidManifest.xml:18:19-66
63
64                <action android:name="android.intent.action.MAIN" />
64-->src\main\AndroidManifest.xml:19:9-61
64-->src\main\AndroidManifest.xml:19:17-58
65            </intent-filter>
66
67            <meta-data
67-->src\main\AndroidManifest.xml:21:7-82
68                android:name="unityplayer.UnityActivity"
68-->src\main\AndroidManifest.xml:21:18-58
69                android:value="true" />
69-->src\main\AndroidManifest.xml:21:59-79
70            <meta-data
70-->src\main\AndroidManifest.xml:22:7-70
71                android:name="notch_support"
71-->src\main\AndroidManifest.xml:22:18-46
72                android:value="true" />
72-->src\main\AndroidManifest.xml:22:47-67
73        </activity>
74    </application>
75
76</manifest>